<?xml version="1.0" encoding="UTF-8"?>
<!-- Generated by org.testng.reporters.JUnitReportReporter -->
<testsuite skipped="2" hostname="newusers-MacBook-Pro.local" name="com.qa.hubspot.tests.HomePageTest" tests="6" failures="0" timestamp="2020-07-25T01:30:22 EDT" time="63.265" errors="0">
  <testcase name="verifyHomePageTitleTest" time="6.987" classname="com.qa.hubspot.tests.HomePageTest"/>
  <system-out/>
  <testcase name="verifyHomePageTitleTest" time="5.062" classname="com.qa.hubspot.tests.HomePageTest"/>
  <system-out/>
  <testcase name="verifyHomePageHeaderTest" time="30.672" classname="com.qa.hubspot.tests.HomePageTest"/>
  <system-out/>
  <testcase name="verifyHomePageHeaderTest" time="20.544" classname="com.qa.hubspot.tests.HomePageTest"/>
  <system-out/>
  <testcase name="verifyLoggedInUserTest" classname="com.qa.hubspot.tests.HomePageTest">
    <skipped/>
  </testcase> <!-- verifyLoggedInUserTest -->
  <system-out/>
  <testcase name="verifyLoggedInUserTest" classname="com.qa.hubspot.tests.HomePageTest">
    <skipped/>
  </testcase> <!-- verifyLoggedInUserTest -->
  <system-out/>
</testsuite> <!-- com.qa.hubspot.tests.HomePageTest -->
