<?xml version="1.0" encoding="UTF-8"?>
<!-- Generated by org.testng.reporters.JUnitReportReporter -->
<testsuite skipped="1" hostname="newusers-MacBook-Pro.local" name="com.qa.hubspot.tests.HomePageTest" tests="3" failures="0" timestamp="2020-07-16T19:55:33 EDT" time="0.711" errors="0">
  <testcase name="verifyHomePageTitleTest" time="0.011" classname="com.qa.hubspot.tests.HomePageTest"/>
  <system-out/>
  <testcase name="verifyHomePageHeaderTest" time="0.700" classname="com.qa.hubspot.tests.HomePageTest"/>
  <system-out/>
  <testcase name="verifyLoggedInUserTest" classname="com.qa.hubspot.tests.HomePageTest">
    <skipped/>
  </testcase> <!-- verifyLoggedInUserTest -->
  <system-out/>
</testsuite> <!-- com.qa.hubspot.tests.HomePageTest -->
